TRANSACTION COUNT
{"PostgreSQL tpm": {
    "2024-03-12 11:00:23": "0",
    "2024-03-12 11:00:33": "15624",
    "2024-03-12 11:00:43": "9330",
    "2024-03-12 11:00:53": "9900",
    "2024-03-12 11:01:03": "4806",
    "2024-03-12 11:01:13": "10512",
    "2024-03-12 11:01:23": "10884",
    "2024-03-12 11:01:33": "9630",
    "2024-03-12 11:01:43": "6618",
    "2024-03-12 11:01:53": "10704",
    "2024-03-12 11:02:03": "9198",
    "2024-03-12 11:02:13": "5448",
    "2024-03-12 11:02:23": "11850",
    "2024-03-12 11:02:33": "11412",
    "2024-03-12 11:02:43": "5952",
    "2024-03-12 11:02:53": "5094",
    "2024-03-12 11:03:03": "7014",
    "2024-03-12 11:03:13": "8574",
    "2024-03-12 11:03:23": "6270",
    "2024-03-12 11:03:33": "7752",
    "2024-03-12 11:03:43": "12294",
    "2024-03-12 11:03:53": "16014",
    "2024-03-12 11:04:03": "5580",
    "2024-03-12 11:04:13": "10494",
    "2024-03-12 11:04:23": "12282",
    "2024-03-12 11:04:33": "9354",
    "2024-03-12 11:04:43": "9654",
    "2024-03-12 11:04:53": "10044",
    "2024-03-12 11:05:03": "5184",
    "2024-03-12 11:05:14": "7236",
    "2024-03-12 11:05:24": "7830",
    "2024-03-12 11:05:34": "9726",
    "2024-03-12 11:05:44": "7740",
    "2024-03-12 11:05:54": "8448",
    "2024-03-12 11:06:04": "7806",
    "2024-03-12 11:06:14": "8748",
    "2024-03-12 11:06:24": "10692",
    "2024-03-12 11:06:34": "6912",
    "2024-03-12 11:06:44": "10962",
    "2024-03-12 11:06:54": "8274",
    "2024-03-12 11:07:04": "9396",
    "2024-03-12 11:07:14": "4404",
    "2024-03-12 11:07:24": "7590",
    "2024-03-12 11:07:34": "13392",
    "2024-03-12 11:07:44": "11442",
    "2024-03-12 11:07:54": "4056",
    "2024-03-12 11:08:04": "7116",
    "2024-03-12 11:08:14": "7812",
    "2024-03-12 11:08:24": "5742",
    "2024-03-12 11:08:34": "8238",
    "2024-03-12 11:08:44": "9990",
    "2024-03-12 11:08:54": "11268",
    "2024-03-12 11:09:04": "6840",
    "2024-03-12 11:09:14": "8796",
    "2024-03-12 11:09:24": "10806",
    "2024-03-12 11:09:34": "9996",
    "2024-03-12 11:09:44": "5934",
    "2024-03-12 11:09:54": "10836",
    "2024-03-12 11:10:04": "9114",
    "2024-03-12 11:10:14": "5610",
    "2024-03-12 11:10:24": "12270",
    "2024-03-12 11:10:34": "12036",
    "2024-03-12 11:10:44": "12330",
    "2024-03-12 11:10:54": "3696",
    "2024-03-12 11:11:04": "7404",
    "2024-03-12 11:11:14": "7410",
    "2024-03-12 11:11:24": "7626",
    "2024-03-12 11:11:34": "1320",
    "2024-03-12 11:11:44": "1296",
    "2024-03-12 11:11:54": "1182",
    "2024-03-12 11:12:04": "1512",
    "2024-03-12 11:12:14": "1278",
    "2024-03-12 11:12:24": "1668",
    "2024-03-12 11:12:34": "1500",
    "2024-03-12 11:12:44": "1374",
    "2024-03-12 11:12:54": "1632",
    "2024-03-12 11:13:04": "1890",
    "2024-03-12 11:13:14": "900",
    "2024-03-12 11:13:24": "1692",
    "2024-03-12 11:13:34": "1260",
    "2024-03-12 11:13:44": "1446",
    "2024-03-12 11:13:54": "1542",
    "2024-03-12 11:14:04": "1776",
    "2024-03-12 11:14:14": "1344",
    "2024-03-12 11:14:24": "1800",
    "2024-03-12 11:14:34": "1446",
    "2024-03-12 11:14:44": "1344",
    "2024-03-12 11:14:54": "1428",
    "2024-03-12 11:15:04": "1728",
    "2024-03-12 11:15:14": "1680",
    "2024-03-12 11:15:24": "1230",
    "2024-03-12 11:15:34": "1428",
    "2024-03-12 11:15:44": "1422",
    "2024-03-12 11:15:54": "1494",
    "2024-03-12 11:16:04": "1182",
    "2024-03-12 11:16:14": "1776",
    "2024-03-12 11:16:24": "1290",
    "2024-03-12 11:16:34": "1716",
    "2024-03-12 11:16:44": "1272",
    "2024-03-12 11:16:54": "1488",
    "2024-03-12 11:17:04": "1674",
    "2024-03-12 11:17:14": "1554",
    "2024-03-12 11:17:24": "1278",
    "2024-03-12 11:17:34": "1368",
    "2024-03-12 11:17:44": "1314",
    "2024-03-12 11:17:54": "1536",
    "2024-03-12 11:18:04": "1446",
    "2024-03-12 11:18:14": "180",
    "2024-03-12 11:18:25": "216",
    "2024-03-12 11:18:35": "1740",
    "2024-03-12 11:18:45": "1398",
    "2024-03-12 11:18:55": "1338",
    "2024-03-12 11:19:05": "1566",
    "2024-03-12 11:19:15": "1260",
    "2024-03-12 11:19:25": "1896",
    "2024-03-12 11:19:35": "1386",
    "2024-03-12 11:19:45": "1686",
    "2024-03-12 11:19:55": "1290",
    "2024-03-12 11:20:05": "1374",
    "2024-03-12 11:20:15": "1542",
    "2024-03-12 11:20:25": "1272"
  }}

HAMMERDB RESULT
[
  "65F035C7613703E223639363",
  "2024-03-12 11:00:23",
  "1 Active Virtual Users configured",
  "TEST RESULT : System achieved 2382 NOPM from 5496 PostgreSQL TPM"
]


Connection to 34.68.77.80 closed.
